Using pre-set license

 COMMAND LINE ARGUMENTS:
/Applications/Unity/Hub/Editor/2020.3.16f1/Unity.app/Contents/MacOS/Unity
-adb2
-batchMode
-noUpm
-name
AssetImportWorker0
-projectPath
/Users/hvperlot/Documents/GitHub/Final-Project---Egg-Games/Aircraft Adventure
-logFile
Logs/AssetImportWorker0.log
-srvPort
57516
Successfully changed project path to: /Users/hvperlot/Documents/GitHub/Final-Project---Egg-Games/Aircraft Adventure
/Users/hvperlot/Documents/GitHub/Final-Project---Egg-Games/Aircraft Adventure
Using Asset Import Pipeline V2.
Refreshing native plugins compatible for Editor in 40.90 ms, found 3 plugins.
Preloading 0 native plugins for Editor in 0.00 ms.
Initialize engine version: 2020.3.16f1 (049d6eca3c44)
[Subsystems] Discovering subsystems at path /Applications/Unity/Hub/Editor/2020.3.16f1/Unity.app/Contents/Resources/UnitySubsystems
[Subsystems] Discovering subsystems at path /Users/hvperlot/Documents/GitHub/Final-Project---Egg-Games/Aircraft Adventure/Assets
GfxDevice: creating device client; threaded=0
2022-05-12 07:59:36.169 Unity[69909:10859065] iMac preferred device: AMD Radeon Pro 560X (high power)
2022-05-12 07:59:36.169 Unity[69909:10859065] Metal devices available: 1
2022-05-12 07:59:36.169 Unity[69909:10859065] 0: AMD Radeon Pro 560X (high power)
2022-05-12 07:59:36.169 Unity[69909:10859065] Using device AMD Radeon Pro 560X (high power)
Initializing Metal device caps: AMD Radeon Pro 560X
Initialize mono
Mono path[0] = '/Applications/Unity/Hub/Editor/2020.3.16f1/Unity.app/Contents/Managed'
Mono path[1] = '/Applications/Unity/Hub/Editor/2020.3.16f1/Unity.app/Contents/MonoBleedingEdge/lib/mono/unityjit'
Mono config path = '/Applications/Unity/Hub/Editor/2020.3.16f1/Unity.app/Contents/MonoBleedingEdge/etc'
Using monoOptions --debugger-agent=transport=dt_socket,embedding=1,server=y,suspend=n,address=127.0.0.1:56909
Begin MonoManager ReloadAssembly
Error scanning for extension ivy.xml files: System.UnauthorizedAccessException: Access to the path '/Applications/Unity/Hub/Editor/2020.3.16f1/PlaybackEngines/WebGLSupport/BuildTools/Emscripten_Mac/node' is denied.
  at System.IO.__Error.WinIOError (System.Int32 errorCode, System.String maybeFullPath) [0x00129] in <695d1cc93cca45069c528c15c9fdd749>:0 
  at System.IO.FileSystemEnumerableIterator`1[TSource].HandleError (System.Int32 hr, System.String path) [0x00006] in <695d1cc93cca45069c528c15c9fdd749>:0 
  at System.IO.FileSystemEnumerableIterator`1[TSource].AddSearchableDirsToStack (System.IO.Directory+SearchData localSearchData) [0x00053] in <695d1cc93cca45069c528c15c9fdd749>:0 
  at System.IO.FileSystemEnumerableIterator`1[TSource].MoveNext () [0x0008e] in <695d1cc93cca45069c528c15c9fdd749>:0 
  at System.Collections.Generic.List`1[T]..ctor (System.Collections.Generic.IEnumerable`1[T] collection) [0x00077] in <695d1cc93cca45069c528c15c9fdd749>:0 
  at System.IO.Directory.InternalGetFileDirectoryNames (System.String path, System.String userPathOriginal, System.String searchPattern, System.Boolean includeFiles, System.Boolean includeDirs, System.IO.SearchOption searchOption, System.Boolean checkHost) [0x0000f] in <695d1cc93cca45069c528c15c9fdd749>:0 
  at System.IO.Directory.InternalGetFiles (System.String path, System.String searchPattern, System.IO.SearchOption searchOption) [0x00000] in <695d1cc93cca45069c528c15c9fdd749>:0 
  at System.IO.Directory.GetFiles (System.String path, System.String searchPattern, System.IO.SearchOption searchOption) [0x00038] in <695d1cc93cca45069c528c15c9fdd749>:0 
  at UnityEditor.Modules.ModuleManager.LoadLegacyExtensionsFromIvyFiles () [0x000a5] in /Users/bokken/buildslave/unity/build/Editor/Mono/Modules/ModuleManager.cs:253 
Registering precompiled unity dll's ...
Register platform support module: /Applications/Unity/Hub/Editor/2020.3.16f1/PlaybackEngines/WebGLSupport/UnityEditor.WebGL.Extensions.dll
Register platform support module: /Applications/Unity/Hub/Editor/2020.3.16f1/Unity.app/Contents/PlaybackEngines/MacStandaloneSupport/UnityEditor.OSXStandalone.Extensions.dll
Registered in 0.000713 seconds.
Native extension for OSXStandalone target not found
Native extension for WebGL target not found
Refreshing native plugins compatible for Editor in 40.24 ms, found 3 plugins.
Preloading 0 native plugins for Editor in 0.00 ms.
Mono: successfully reloaded assembly
- Completed reload, in  3.424 seconds
Domain Reload Profiling:
	ReloadAssembly (3424ms)
		BeginReloadAssembly (50ms)
			ExecutionOrderSort (0ms)
			DisableScriptedObjects (0ms)
			BackupInstance (0ms)
			ReleaseScriptingObjects (0ms)
			CreateAndSetChildDomain (1ms)
		EndReloadAssembly (512ms)
			LoadAssemblies (49ms)
			RebuildTransferFunctionScriptingTraits (0ms)
			SetupTypeCache (189ms)
			ReleaseScriptCaches (0ms)
			RebuildScriptCaches (41ms)
			SetupLoadedEditorAssemblies (204ms)
				LogAssemblyErrors (0ms)
				InitializePlatformSupportModulesInManaged (5ms)
				SetLoadedEditorAssemblies (0ms)
				RefreshPlugins (40ms)
				BeforeProcessingInitializeOnLoad (26ms)
				ProcessInitializeOnLoadAttributes (103ms)
				ProcessInitializeOnLoadMethodAttributes (29ms)
				AfterProcessingInitializeOnLoad (0ms)
				EditorAssembliesLoaded (0ms)
			ExecutionOrderSort2 (0ms)
			AwakeInstancesAfterBackupRestoration (0ms)
Platform modules already initialized, skipping
Registering precompiled user dll's ...
Registered in 0.001467 seconds.
Begin MonoManager ReloadAssembly
Native extension for OSXStandalone target not found
Native extension for WebGL target not found
Refreshing native plugins compatible for Editor in 39.21 ms, found 3 plugins.
Preloading 0 native plugins for Editor in 0.00 ms.
Mono: successfully reloaded assembly
- Completed reload, in  1.217 seconds
Domain Reload Profiling:
	ReloadAssembly (1218ms)
		BeginReloadAssembly (167ms)
			ExecutionOrderSort (0ms)
			DisableScriptedObjects (5ms)
			BackupInstance (0ms)
			ReleaseScriptingObjects (0ms)
			CreateAndSetChildDomain (31ms)
		EndReloadAssembly (978ms)
			LoadAssemblies (88ms)
			RebuildTransferFunctionScriptingTraits (0ms)
			SetupTypeCache (354ms)
			ReleaseScriptCaches (0ms)
			RebuildScriptCaches (59ms)
			SetupLoadedEditorAssemblies (356ms)
				LogAssemblyErrors (0ms)
				InitializePlatformSupportModulesInManaged (5ms)
				SetLoadedEditorAssemblies (0ms)
				RefreshPlugins (39ms)
				BeforeProcessingInitializeOnLoad (75ms)
				ProcessInitializeOnLoadAttributes (219ms)
				ProcessInitializeOnLoadMethodAttributes (17ms)
				AfterProcessingInitializeOnLoad (1ms)
				EditorAssembliesLoaded (0ms)
			ExecutionOrderSort2 (0ms)
			AwakeInstancesAfterBackupRestoration (7ms)
Platform modules already initialized, skipping
========================================================================
Worker process is ready to serve import requests
Launching external process: /Applications/Unity/Hub/Editor/2020.3.16f1/Unity.app/Contents/Tools/UnityShaderCompiler
Launched and connected shader compiler UnityShaderCompiler after 0.01 seconds
Refreshing native plugins compatible for Editor in 0.61 ms, found 3 plugins.
Preloading 0 native plugins for Editor in 0.00 ms.
Unloading 2204 Unused Serialized files (Serialized files now loaded: 0)
System memory in use before: 175.4 MB.
System memory in use after: 175.5 MB.

Unloading 26 unused Assets to reduce memory usage. Loaded Objects now: 2644.
Total: 2.749028 ms (FindLiveObjects: 0.171006 ms CreateObjectMapping: 0.060385 ms MarkObjects: 2.466478 ms  DeleteObjects: 0.050549 ms)

AssetImportParameters requested are different than current active one (requested -> active):
  custom:video-decoder-ogg-theora: a1e56fd34408186e4bbccfd4996cb3dc -> 
  custom:container-muxer-webm: aa71ff27fc2769a1b78a27578f13a17b -> 
  custom:container-demuxer-webm: 4f35f7cbe854078d1ac9338744f61a02 -> 
  custom:container-demuxer-ogg: 62fdf1f143b41e24485cea50d1cbac27 -> 
  custom:video-encoder-webm-vp8: eb34c28f22e8b96e1ab97ce403110664 -> 
  custom:framework-osx-AVFoundation: e770b220cccbd017edd2c1fefb359320 -> 
  custom:video-decoder-webm-vp8: 9c59270c3fd7afecdb556c50c9e8de78 -> 
  custom:audio-decoder-ogg-vorbis: bf7c407c2cedff20999df2af8eb42d56 -> 
  custom:audio-encoder-webm-vorbis: bf7c407c2cedff20999df2af8eb42d56 -> 
========================================================================
Received Import Request.
  path: Packages/com.unity.2d.spriteshape/Editor/ObjectMenuCreation/DefaultAssets/Sprite Shapes/Open Sprite Shape.prefab
  artifactKey: Guid(86ae7de409eb54f619fb1328e4d42480) Importer(815301076,1909f56bfc062723c751e8b465ee728b)
Start importing Packages/com.unity.2d.spriteshape/Editor/ObjectMenuCreation/DefaultAssets/Sprite Shapes/Open Sprite Shape.prefab using Guid(86ae7de409eb54f619fb1328e4d42480) Importer(815301076,1909f56bfc062723c751e8b465ee728b)  -> (artifact id: '1cd094d74455b6e3ebbdb90683f10d20') in 1.402658 seconds 
  Import took 1.407110 seconds .

========================================================================
Received Import Request.
  Time since last request: 0.000257 seconds.
  path: Packages/com.unity.2d.spriteshape/Editor/ObjectMenuCreation/DefaultAssets/Sprite Shapes/Closed Sprite Shape.prefab
  artifactKey: Guid(c0583b4e855c74b8c82e7b9b5efb5ce9) Importer(815301076,1909f56bfc062723c751e8b465ee728b)
Start importing Packages/com.unity.2d.spriteshape/Editor/ObjectMenuCreation/DefaultAssets/Sprite Shapes/Closed Sprite Shape.prefab using Guid(c0583b4e855c74b8c82e7b9b5efb5ce9) Importer(815301076,1909f56bfc062723c751e8b465ee728b)  -> (artifact id: 'c5c845828cede3f25819031102be01e1') in 0.013188 seconds 
  Import took 0.017079 seconds .

========================================================================
Received Import Request.
  Time since last request: 78.169715 seconds.
  path: Assets/Prefabs/Bullet.prefab
  artifactKey: Guid(38e33417a836846278b1df66af7db652) Importer(815301076,1909f56bfc062723c751e8b465ee728b)
Start importing Assets/Prefabs/Bullet.prefab using Guid(38e33417a836846278b1df66af7db652) Importer(815301076,1909f56bfc062723c751e8b465ee728b)  -> (artifact id: '06c73a4001d5174a18091ce8ed3ec641') in 0.011253 seconds 
  Import took 0.016453 seconds .

========================================================================
Received Import Request.
  Time since last request: 0.004855 seconds.
  path: Assets/Prefabs/Bullet.prefab
  artifactKey: Guid(38e33417a836846278b1df66af7db652) Importer(815301076,1909f56bfc062723c751e8b465ee728b)
Start importing Assets/Prefabs/Bullet.prefab using Guid(38e33417a836846278b1df66af7db652) Importer(815301076,1909f56bfc062723c751e8b465ee728b)  -> (artifact id: '06c73a4001d5174a18091ce8ed3ec641') in 0.012697 seconds 
  Import took 0.016009 seconds .

========================================================================
Received Prepare
Registering precompiled user dll's ...
Registered in 0.001359 seconds.
Begin MonoManager ReloadAssembly
Native extension for OSXStandalone target not found
Native extension for WebGL target not found
Refreshing native plugins compatible for Editor in 0.43 ms, found 3 plugins.
Preloading 0 native plugins for Editor in 0.00 ms.
Mono: successfully reloaded assembly
- Completed reload, in  1.132 seconds
Domain Reload Profiling:
	ReloadAssembly (1133ms)
		BeginReloadAssembly (139ms)
			ExecutionOrderSort (0ms)
			DisableScriptedObjects (7ms)
			BackupInstance (0ms)
			ReleaseScriptingObjects (0ms)
			CreateAndSetChildDomain (65ms)
		EndReloadAssembly (925ms)
			LoadAssemblies (86ms)
			RebuildTransferFunctionScriptingTraits (0ms)
			SetupTypeCache (351ms)
			ReleaseScriptCaches (1ms)
			RebuildScriptCaches (57ms)
			SetupLoadedEditorAssemblies (313ms)
				LogAssemblyErrors (0ms)
				InitializePlatformSupportModulesInManaged (6ms)
				SetLoadedEditorAssemblies (0ms)
				RefreshPlugins (0ms)
				BeforeProcessingInitializeOnLoad (76ms)
				ProcessInitializeOnLoadAttributes (217ms)
				ProcessInitializeOnLoadMethodAttributes (11ms)
				AfterProcessingInitializeOnLoad (1ms)
				EditorAssembliesLoaded (0ms)
			ExecutionOrderSort2 (0ms)
			AwakeInstancesAfterBackupRestoration (11ms)
Platform modules already initialized, skipping
Refreshing native plugins compatible for Editor in 0.41 ms, found 3 plugins.
Preloading 0 native plugins for Editor in 0.00 ms.
Unloading 2194 Unused Serialized files (Serialized files now loaded: 0)
System memory in use before: 182.8 MB.
System memory in use after: 182.9 MB.

Unloading 14 unused Assets to reduce memory usage. Loaded Objects now: 2654.
Total: 2.839725 ms (FindLiveObjects: 0.181210 ms CreateObjectMapping: 0.070107 ms MarkObjects: 2.574344 ms  DeleteObjects: 0.013194 ms)

AssetImportParameters requested are different than current active one (requested -> active):
  custom:video-decoder-ogg-theora: a1e56fd34408186e4bbccfd4996cb3dc -> 
  custom:container-muxer-webm: aa71ff27fc2769a1b78a27578f13a17b -> 
  custom:container-demuxer-webm: 4f35f7cbe854078d1ac9338744f61a02 -> 
  custom:container-demuxer-ogg: 62fdf1f143b41e24485cea50d1cbac27 -> 
  custom:video-encoder-webm-vp8: eb34c28f22e8b96e1ab97ce403110664 -> 
  custom:framework-osx-AVFoundation: e770b220cccbd017edd2c1fefb359320 -> 
  custom:video-decoder-webm-vp8: 9c59270c3fd7afecdb556c50c9e8de78 -> 
  custom:audio-decoder-ogg-vorbis: bf7c407c2cedff20999df2af8eb42d56 -> 
  custom:audio-encoder-webm-vorbis: bf7c407c2cedff20999df2af8eb42d56 -> 
========================================================================
Received Import Request.
  Time since last request: 284.579560 seconds.
  path: Assets/Prefabs/Impact.prefab
  artifactKey: Guid(014fdc6c3fce54670a998ebd9dfd8668) Importer(815301076,1909f56bfc062723c751e8b465ee728b)
Start importing Assets/Prefabs/Impact.prefab using Guid(014fdc6c3fce54670a998ebd9dfd8668) Importer(815301076,1909f56bfc062723c751e8b465ee728b)  -> (artifact id: 'fd0f8746a9595f0eae4bc7e35518e212') in 0.030138 seconds 
  Import took 0.033574 seconds .

========================================================================
Received Import Request.
  Time since last request: 19.836072 seconds.
  path: Assets/Prefabs/Impact.prefab
  artifactKey: Guid(014fdc6c3fce54670a998ebd9dfd8668) Importer(815301076,1909f56bfc062723c751e8b465ee728b)
Start importing Assets/Prefabs/Impact.prefab using Guid(014fdc6c3fce54670a998ebd9dfd8668) Importer(815301076,1909f56bfc062723c751e8b465ee728b)  -> (artifact id: '245915108b2b4299379bedc7a15857de') in 0.005478 seconds 
  Import took 0.009128 seconds .

========================================================================
Received Import Request.
  Time since last request: 0.001466 seconds.
  path: Assets/Prefabs/Impact.prefab
  artifactKey: Guid(014fdc6c3fce54670a998ebd9dfd8668) Importer(815301076,1909f56bfc062723c751e8b465ee728b)
Start importing Assets/Prefabs/Impact.prefab using Guid(014fdc6c3fce54670a998ebd9dfd8668) Importer(815301076,1909f56bfc062723c751e8b465ee728b)  -> (artifact id: '245915108b2b4299379bedc7a15857de') in 0.005445 seconds 
  Import took 0.009516 seconds .

========================================================================
Received Import Request.
  Time since last request: 31.346408 seconds.
  path: Assets/Prefabs/EnemyDeathEffect.prefab
  artifactKey: Guid(1d9de747c623d4e0cbf16e6494b74f6f) Importer(815301076,1909f56bfc062723c751e8b465ee728b)
Start importing Assets/Prefabs/EnemyDeathEffect.prefab using Guid(1d9de747c623d4e0cbf16e6494b74f6f) Importer(815301076,1909f56bfc062723c751e8b465ee728b)  -> (artifact id: '6aac603a9c80403a4b8fc0246f1eb1d8') in 0.008500 seconds 
  Import took 0.011763 seconds .

========================================================================
Received Import Request.
  Time since last request: 35.902800 seconds.
  path: Assets/Animation
  artifactKey: Guid(4a1afb4d4a6f547ceb1fb7bdbff6f455) Importer(815301076,1909f56bfc062723c751e8b465ee728b)
Start importing Assets/Animation using Guid(4a1afb4d4a6f547ceb1fb7bdbff6f455) Importer(815301076,1909f56bfc062723c751e8b465ee728b)  -> (artifact id: '5b3636bd7d51121c5939352d42bc2aa0') in 0.001964 seconds 
  Import took 0.005074 seconds .

========================================================================
Received Import Request.
  Time since last request: 13.321680 seconds.
  path: Assets/Animation/Folder
  artifactKey: Guid(6f622b104bbde47269191eaf23e05a5a) Importer(815301076,1909f56bfc062723c751e8b465ee728b)
Start importing Assets/Animation/Folder using Guid(6f622b104bbde47269191eaf23e05a5a) Importer(815301076,1909f56bfc062723c751e8b465ee728b)  -> (artifact id: '185f6759cba6415f03897ae0ad0b2a56') in 0.001910 seconds 
  Import took 0.004823 seconds .

========================================================================
Received Import Request.
  Time since last request: 39.727527 seconds.
  path: Assets/Animation/Folder/Bullet
  artifactKey: Guid(553cfb74ac6f74c63a86b1f3abdeae76) Importer(815301076,1909f56bfc062723c751e8b465ee728b)
Start importing Assets/Animation/Folder/Bullet using Guid(553cfb74ac6f74c63a86b1f3abdeae76) Importer(815301076,1909f56bfc062723c751e8b465ee728b)  -> (artifact id: '34e103a9b9705f180a2931a3b217ea51') in 0.004767 seconds 
  Import took 0.008084 seconds .

========================================================================
Received Import Request.
  Time since last request: 25.508615 seconds.
  path: Assets/Animation/Bullet
  artifactKey: Guid(771d64487c5d54d51bbdd8641c717bb1) Importer(815301076,1909f56bfc062723c751e8b465ee728b)
Start importing Assets/Animation/Bullet using Guid(771d64487c5d54d51bbdd8641c717bb1) Importer(815301076,1909f56bfc062723c751e8b465ee728b)  -> (artifact id: '83f66428b2dd3b484fb7717a549507d9') in 0.004560 seconds 
  Import took 0.008070 seconds .

========================================================================
Received Import Request.
  Time since last request: 2.746166 seconds.
  path: Assets/Animation/Bullet/Bullet.anim
  artifactKey: Guid(feaa46bbf82e0234d9367f3546a907a1) Importer(815301076,1909f56bfc062723c751e8b465ee728b)
Start importing Assets/Animation/Bullet/Bullet.anim using Guid(feaa46bbf82e0234d9367f3546a907a1) Importer(815301076,1909f56bfc062723c751e8b465ee728b)  -> (artifact id: '79d43bf0ce21d96336fd7bf11757ad25') in 0.277643 seconds 
  Import took 0.281426 seconds .

========================================================================
Received Import Request.
  Time since last request: 59.000360 seconds.
  path: Assets/Prefabs/EnemyDeathEffect.prefab
  artifactKey: Guid(1d9de747c623d4e0cbf16e6494b74f6f) Importer(815301076,1909f56bfc062723c751e8b465ee728b)
Start importing Assets/Prefabs/EnemyDeathEffect.prefab using Guid(1d9de747c623d4e0cbf16e6494b74f6f) Importer(815301076,1909f56bfc062723c751e8b465ee728b)  -> (artifact id: '45b7253b3a19c712c1307d93d8be82a3') in 0.033202 seconds 
  Import took 0.036578 seconds .

========================================================================
Received Import Request.
  Time since last request: 8.456599 seconds.
  path: Assets/Prefabs/Bullet.prefab
  artifactKey: Guid(38e33417a836846278b1df66af7db652) Importer(815301076,1909f56bfc062723c751e8b465ee728b)
Start importing Assets/Prefabs/Bullet.prefab using Guid(38e33417a836846278b1df66af7db652) Importer(815301076,1909f56bfc062723c751e8b465ee728b)  -> (artifact id: '8d7d86196a052a61174c2703f33ffac9') in 0.009384 seconds 
  Import took 0.012605 seconds .

========================================================================
Received Import Request.
  Time since last request: 0.009097 seconds.
  path: Assets/Prefabs/Bullet.prefab
  artifactKey: Guid(38e33417a836846278b1df66af7db652) Importer(815301076,1909f56bfc062723c751e8b465ee728b)
Start importing Assets/Prefabs/Bullet.prefab using Guid(38e33417a836846278b1df66af7db652) Importer(815301076,1909f56bfc062723c751e8b465ee728b)  -> (artifact id: '8d7d86196a052a61174c2703f33ffac9') in 0.011961 seconds 
  Import took 0.015521 seconds .

========================================================================
Received Import Request.
  Time since last request: 11.133033 seconds.
  path: Assets/Prefabs/EnemyDeathEffect.prefab
  artifactKey: Guid(1d9de747c623d4e0cbf16e6494b74f6f) Importer(815301076,1909f56bfc062723c751e8b465ee728b)
Start importing Assets/Prefabs/EnemyDeathEffect.prefab using Guid(1d9de747c623d4e0cbf16e6494b74f6f) Importer(815301076,1909f56bfc062723c751e8b465ee728b)  -> (artifact id: 'ec238392704cae9b1e125acca5c32d94') in 0.009985 seconds 
  Import took 0.013152 seconds .

========================================================================
Received Import Request.
  Time since last request: 0.012100 seconds.
  path: Assets/Prefabs/EnemyDeathEffect.prefab
  artifactKey: Guid(1d9de747c623d4e0cbf16e6494b74f6f) Importer(815301076,1909f56bfc062723c751e8b465ee728b)
Start importing Assets/Prefabs/EnemyDeathEffect.prefab using Guid(1d9de747c623d4e0cbf16e6494b74f6f) Importer(815301076,1909f56bfc062723c751e8b465ee728b)  -> (artifact id: 'ec238392704cae9b1e125acca5c32d94') in 0.012791 seconds 
  Import took 0.016441 seconds .

========================================================================
Received Import Request.
  Time since last request: 16.000066 seconds.
  path: Assets/Prefabs/EnemyDeathEffect.prefab
  artifactKey: Guid(1d9de747c623d4e0cbf16e6494b74f6f) Importer(815301076,1909f56bfc062723c751e8b465ee728b)
Start importing Assets/Prefabs/EnemyDeathEffect.prefab using Guid(1d9de747c623d4e0cbf16e6494b74f6f) Importer(815301076,1909f56bfc062723c751e8b465ee728b)  -> (artifact id: '03b3f591462a2053709ebe857f4c767f') in 0.012384 seconds 
  Import took 0.015620 seconds .

========================================================================
Received Prepare
Registering precompiled user dll's ...
Registered in 0.001480 seconds.
Begin MonoManager ReloadAssembly
Native extension for OSXStandalone target not found
Native extension for WebGL target not found
Refreshing native plugins compatible for Editor in 0.42 ms, found 3 plugins.
Preloading 0 native plugins for Editor in 0.00 ms.
Mono: successfully reloaded assembly
- Completed reload, in  1.118 seconds
Domain Reload Profiling:
	ReloadAssembly (1118ms)
		BeginReloadAssembly (131ms)
			ExecutionOrderSort (0ms)
			DisableScriptedObjects (7ms)
			BackupInstance (0ms)
			ReleaseScriptingObjects (0ms)
			CreateAndSetChildDomain (60ms)
		EndReloadAssembly (919ms)
			LoadAssemblies (85ms)
			RebuildTransferFunctionScriptingTraits (0ms)
			SetupTypeCache (350ms)
			ReleaseScriptCaches (1ms)
			RebuildScriptCaches (56ms)
			SetupLoadedEditorAssemblies (307ms)
				LogAssemblyErrors (0ms)
				InitializePlatformSupportModulesInManaged (6ms)
				SetLoadedEditorAssemblies (0ms)
				RefreshPlugins (0ms)
				BeforeProcessingInitializeOnLoad (76ms)
				ProcessInitializeOnLoadAttributes (212ms)
				ProcessInitializeOnLoadMethodAttributes (11ms)
				AfterProcessingInitializeOnLoad (1ms)
				EditorAssembliesLoaded (0ms)
			ExecutionOrderSort2 (0ms)
			AwakeInstancesAfterBackupRestoration (12ms)
Platform modules already initialized, skipping
Refreshing native plugins compatible for Editor in 0.42 ms, found 3 plugins.
Preloading 0 native plugins for Editor in 0.00 ms.
Unloading 2194 Unused Serialized files (Serialized files now loaded: 0)
System memory in use before: 187.5 MB.
System memory in use after: 187.7 MB.

Unloading 14 unused Assets to reduce memory usage. Loaded Objects now: 2658.
Total: 2.947867 ms (FindLiveObjects: 0.230671 ms CreateObjectMapping: 0.080856 ms MarkObjects: 2.621186 ms  DeleteObjects: 0.014185 ms)

AssetImportParameters requested are different than current active one (requested -> active):
  custom:video-decoder-ogg-theora: a1e56fd34408186e4bbccfd4996cb3dc -> 
  custom:container-muxer-webm: aa71ff27fc2769a1b78a27578f13a17b -> 
  custom:container-demuxer-webm: 4f35f7cbe854078d1ac9338744f61a02 -> 
  custom:container-demuxer-ogg: 62fdf1f143b41e24485cea50d1cbac27 -> 
  custom:video-encoder-webm-vp8: eb34c28f22e8b96e1ab97ce403110664 -> 
  custom:framework-osx-AVFoundation: e770b220cccbd017edd2c1fefb359320 -> 
  custom:video-decoder-webm-vp8: 9c59270c3fd7afecdb556c50c9e8de78 -> 
  custom:audio-decoder-ogg-vorbis: bf7c407c2cedff20999df2af8eb42d56 -> 
  custom:audio-encoder-webm-vorbis: bf7c407c2cedff20999df2af8eb42d56 -> 
========================================================================
Received Prepare
Registering precompiled user dll's ...
Registered in 0.001468 seconds.
Begin MonoManager ReloadAssembly
Native extension for OSXStandalone target not found
Native extension for WebGL target not found
Refreshing native plugins compatible for Editor in 0.46 ms, found 3 plugins.
Preloading 0 native plugins for Editor in 0.00 ms.
Mono: successfully reloaded assembly
- Completed reload, in  1.128 seconds
Domain Reload Profiling:
	ReloadAssembly (1128ms)
		BeginReloadAssembly (132ms)
			ExecutionOrderSort (0ms)
			DisableScriptedObjects (7ms)
			BackupInstance (0ms)
			ReleaseScriptingObjects (0ms)
			CreateAndSetChildDomain (60ms)
		EndReloadAssembly (927ms)
			LoadAssemblies (85ms)
			RebuildTransferFunctionScriptingTraits (0ms)
			SetupTypeCache (352ms)
			ReleaseScriptCaches (1ms)
			RebuildScriptCaches (56ms)
			SetupLoadedEditorAssemblies (314ms)
				LogAssemblyErrors (0ms)
				InitializePlatformSupportModulesInManaged (6ms)
				SetLoadedEditorAssemblies (1ms)
				RefreshPlugins (0ms)
				BeforeProcessingInitializeOnLoad (78ms)
				ProcessInitializeOnLoadAttributes (217ms)
				ProcessInitializeOnLoadMethodAttributes (11ms)
				AfterProcessingInitializeOnLoad (1ms)
				EditorAssembliesLoaded (0ms)
			ExecutionOrderSort2 (0ms)
			AwakeInstancesAfterBackupRestoration (11ms)
Platform modules already initialized, skipping
Refreshing native plugins compatible for Editor in 0.42 ms, found 3 plugins.
Preloading 0 native plugins for Editor in 0.00 ms.
Unloading 2194 Unused Serialized files (Serialized files now loaded: 0)
System memory in use before: 187.7 MB.
System memory in use after: 187.8 MB.

Unloading 14 unused Assets to reduce memory usage. Loaded Objects now: 2661.
Total: 2.811845 ms (FindLiveObjects: 0.205192 ms CreateObjectMapping: 0.080083 ms MarkObjects: 2.512403 ms  DeleteObjects: 0.013534 ms)

AssetImportParameters requested are different than current active one (requested -> active):
  custom:video-decoder-ogg-theora: a1e56fd34408186e4bbccfd4996cb3dc -> 
  custom:container-muxer-webm: aa71ff27fc2769a1b78a27578f13a17b -> 
  custom:container-demuxer-webm: 4f35f7cbe854078d1ac9338744f61a02 -> 
  custom:container-demuxer-ogg: 62fdf1f143b41e24485cea50d1cbac27 -> 
  custom:video-encoder-webm-vp8: eb34c28f22e8b96e1ab97ce403110664 -> 
  custom:framework-osx-AVFoundation: e770b220cccbd017edd2c1fefb359320 -> 
  custom:video-decoder-webm-vp8: 9c59270c3fd7afecdb556c50c9e8de78 -> 
  custom:audio-decoder-ogg-vorbis: bf7c407c2cedff20999df2af8eb42d56 -> 
  custom:audio-encoder-webm-vorbis: bf7c407c2cedff20999df2af8eb42d56 -> 
========================================================================
Received Import Request.
  Time since last request: 125.847212 seconds.
  path: Assets/Prefabs/ImpactEffect.prefab
  artifactKey: Guid(1d9de747c623d4e0cbf16e6494b74f6f) Importer(815301076,1909f56bfc062723c751e8b465ee728b)
Start importing Assets/Prefabs/ImpactEffect.prefab using Guid(1d9de747c623d4e0cbf16e6494b74f6f) Importer(815301076,1909f56bfc062723c751e8b465ee728b)  -> (artifact id: '4325aea862c0348753b3edaf395a8296') in 0.057001 seconds 
  Import took 0.060492 seconds .

========================================================================
Received Prepare
Registering precompiled user dll's ...
Registered in 0.043796 seconds.
Begin MonoManager ReloadAssembly
Native extension for OSXStandalone target not found
Native extension for WebGL target not found
Refreshing native plugins compatible for Editor in 0.42 ms, found 3 plugins.
Preloading 0 native plugins for Editor in 0.00 ms.
Mono: successfully reloaded assembly
- Completed reload, in  1.118 seconds
Domain Reload Profiling:
	ReloadAssembly (1118ms)
		BeginReloadAssembly (131ms)
			ExecutionOrderSort (0ms)
			DisableScriptedObjects (7ms)
			BackupInstance (0ms)
			ReleaseScriptingObjects (0ms)
			CreateAndSetChildDomain (60ms)
		EndReloadAssembly (919ms)
			LoadAssemblies (85ms)
			RebuildTransferFunctionScriptingTraits (0ms)
			SetupTypeCache (349ms)
			ReleaseScriptCaches (1ms)
			RebuildScriptCaches (57ms)
			SetupLoadedEditorAssemblies (309ms)
				LogAssemblyErrors (0ms)
				InitializePlatformSupportModulesInManaged (6ms)
				SetLoadedEditorAssemblies (0ms)
				RefreshPlugins (0ms)
				BeforeProcessingInitializeOnLoad (78ms)
				ProcessInitializeOnLoadAttributes (212ms)
				ProcessInitializeOnLoadMethodAttributes (10ms)
				AfterProcessingInitializeOnLoad (1ms)
				EditorAssembliesLoaded (0ms)
			ExecutionOrderSort2 (0ms)
			AwakeInstancesAfterBackupRestoration (11ms)
Platform modules already initialized, skipping
Refreshing native plugins compatible for Editor in 0.41 ms, found 3 plugins.
Preloading 0 native plugins for Editor in 0.00 ms.
Unloading 2194 Unused Serialized files (Serialized files now loaded: 0)
System memory in use before: 188.0 MB.
System memory in use after: 188.1 MB.

Unloading 14 unused Assets to reduce memory usage. Loaded Objects now: 2665.
Total: 2.610752 ms (FindLiveObjects: 0.173632 ms CreateObjectMapping: 0.069090 ms MarkObjects: 2.355166 ms  DeleteObjects: 0.012184 ms)

AssetImportParameters requested are different than current active one (requested -> active):
  custom:video-decoder-ogg-theora: a1e56fd34408186e4bbccfd4996cb3dc -> 
  custom:container-muxer-webm: aa71ff27fc2769a1b78a27578f13a17b -> 
  custom:container-demuxer-webm: 4f35f7cbe854078d1ac9338744f61a02 -> 
  custom:container-demuxer-ogg: 62fdf1f143b41e24485cea50d1cbac27 -> 
  custom:video-encoder-webm-vp8: eb34c28f22e8b96e1ab97ce403110664 -> 
  custom:framework-osx-AVFoundation: e770b220cccbd017edd2c1fefb359320 -> 
  custom:video-decoder-webm-vp8: 9c59270c3fd7afecdb556c50c9e8de78 -> 
  custom:audio-decoder-ogg-vorbis: bf7c407c2cedff20999df2af8eb42d56 -> 
  custom:audio-encoder-webm-vorbis: bf7c407c2cedff20999df2af8eb42d56 -> 
========================================================================
Received Import Request.
  Time since last request: 610.464986 seconds.
  path: Assets/Prefabs/DeathEffect.prefab
  artifactKey: Guid(570c2b92b7bd54a26b5b51f085e6475e) Importer(815301076,1909f56bfc062723c751e8b465ee728b)
Start importing Assets/Prefabs/DeathEffect.prefab using Guid(570c2b92b7bd54a26b5b51f085e6475e) Importer(815301076,1909f56bfc062723c751e8b465ee728b)  -> (artifact id: '2340f9e163d3550a72ba56b6e22eb136') in 0.030421 seconds 
  Import took 0.033680 seconds .

========================================================================
Received Import Request.
  Time since last request: 0.002112 seconds.
  path: Assets/Prefabs/DeathEffect.prefab
  artifactKey: Guid(570c2b92b7bd54a26b5b51f085e6475e) Importer(815301076,1909f56bfc062723c751e8b465ee728b)
Start importing Assets/Prefabs/DeathEffect.prefab using Guid(570c2b92b7bd54a26b5b51f085e6475e) Importer(815301076,1909f56bfc062723c751e8b465ee728b)  -> (artifact id: '2340f9e163d3550a72ba56b6e22eb136') in 0.004479 seconds 
  Import took 0.007923 seconds .

========================================================================
Received Import Request.
  Time since last request: 17.221590 seconds.
  path: Assets/Prefabs/EnemyDeathEffect.prefab
  artifactKey: Guid(570c2b92b7bd54a26b5b51f085e6475e) Importer(815301076,1909f56bfc062723c751e8b465ee728b)
Start importing Assets/Prefabs/EnemyDeathEffect.prefab using Guid(570c2b92b7bd54a26b5b51f085e6475e) Importer(815301076,1909f56bfc062723c751e8b465ee728b)  -> (artifact id: '1826d536d4a65d51f808440168999c4f') in 0.003807 seconds 
  Import took 0.006758 seconds .

========================================================================
Received Import Request.
  Time since last request: 0.014640 seconds.
  path: Assets/Prefabs/EnemyDeathEffect.prefab
  artifactKey: Guid(570c2b92b7bd54a26b5b51f085e6475e) Importer(815301076,1909f56bfc062723c751e8b465ee728b)
Start importing Assets/Prefabs/EnemyDeathEffect.prefab using Guid(570c2b92b7bd54a26b5b51f085e6475e) Importer(815301076,1909f56bfc062723c751e8b465ee728b)  -> (artifact id: '1826d536d4a65d51f808440168999c4f') in 0.004530 seconds 
  Import took 0.008000 seconds .

========================================================================
Received Import Request.
  Time since last request: 26.403868 seconds.
  path: Assets/Prefabs/EnemyDeathEffect.prefab
  artifactKey: Guid(570c2b92b7bd54a26b5b51f085e6475e) Importer(815301076,1909f56bfc062723c751e8b465ee728b)
Start importing Assets/Prefabs/EnemyDeathEffect.prefab using Guid(570c2b92b7bd54a26b5b51f085e6475e) Importer(815301076,1909f56bfc062723c751e8b465ee728b)  -> (artifact id: 'd73c680f7a2fcebc391edb62254b1be4') in 0.033688 seconds 
  Import took 0.037012 seconds .

========================================================================
Received Import Request.
  Time since last request: 136.521691 seconds.
  path: Assets/Prefabs/EnemyDeathEffect.prefab
  artifactKey: Guid(570c2b92b7bd54a26b5b51f085e6475e) Importer(815301076,1909f56bfc062723c751e8b465ee728b)
Start importing Assets/Prefabs/EnemyDeathEffect.prefab using Guid(570c2b92b7bd54a26b5b51f085e6475e) Importer(815301076,1909f56bfc062723c751e8b465ee728b)  -> (artifact id: 'a18b07d40de18a5a0eee23a1e3457870') in 0.008872 seconds 
  Import took 0.012213 seconds .

========================================================================
Received Import Request.
  Time since last request: 7.546581 seconds.
  path: Assets/Animation/Impact/ImpactEffect.controller
  artifactKey: Guid(9393edd61f21c4b4a980ceca6082f42a) Importer(815301076,1909f56bfc062723c751e8b465ee728b)
Start importing Assets/Animation/Impact/ImpactEffect.controller using Guid(9393edd61f21c4b4a980ceca6082f42a) Importer(815301076,1909f56bfc062723c751e8b465ee728b)  -> (artifact id: '736bb85f5cd5b822f876f8cee68c0a5d') in 0.174889 seconds 
  Import took 0.178553 seconds .

========================================================================
Received Import Request.
  Time since last request: 1.779667 seconds.
  path: Assets/Animation/Impact/ImpactEffect.anim
  artifactKey: Guid(bc25aef96fc550a41ae6023469e26707) Importer(815301076,1909f56bfc062723c751e8b465ee728b)
Start importing Assets/Animation/Impact/ImpactEffect.anim using Guid(bc25aef96fc550a41ae6023469e26707) Importer(815301076,1909f56bfc062723c751e8b465ee728b)  -> (artifact id: '4b630284d1d5d399307875206ed82db8') in 0.002703 seconds 
  Import took 0.005635 seconds .

========================================================================
Received Import Request.
  Time since last request: 0.002144 seconds.
  path: Assets/Animation/Impact/ImpactEffect.anim
  artifactKey: Guid(bc25aef96fc550a41ae6023469e26707) Importer(815301076,1909f56bfc062723c751e8b465ee728b)
Start importing Assets/Animation/Impact/ImpactEffect.anim using Guid(bc25aef96fc550a41ae6023469e26707) Importer(815301076,1909f56bfc062723c751e8b465ee728b)  -> (artifact id: '4b630284d1d5d399307875206ed82db8') in 0.001744 seconds 
  Import took 0.004633 seconds .

========================================================================
Received Import Request.
  Time since last request: 32.941725 seconds.
  path: Assets/Prefabs/Bullet.prefab
  artifactKey: Guid(38e33417a836846278b1df66af7db652) Importer(815301076,1909f56bfc062723c751e8b465ee728b)
Start importing Assets/Prefabs/Bullet.prefab using Guid(38e33417a836846278b1df66af7db652) Importer(815301076,1909f56bfc062723c751e8b465ee728b)  -> (artifact id: 'ce267b7fc036365fbad326489673a799') in 0.009084 seconds 
  Import took 0.012391 seconds .

========================================================================
Received Import Request.
  Time since last request: 0.011922 seconds.
  path: Assets/Prefabs/Bullet.prefab
  artifactKey: Guid(38e33417a836846278b1df66af7db652) Importer(815301076,1909f56bfc062723c751e8b465ee728b)
Start importing Assets/Prefabs/Bullet.prefab using Guid(38e33417a836846278b1df66af7db652) Importer(815301076,1909f56bfc062723c751e8b465ee728b)  -> (artifact id: 'ce267b7fc036365fbad326489673a799') in 0.013361 seconds 
  Import took 0.016859 seconds .

========================================================================
Received Import Request.
  Time since last request: 14.882060 seconds.
  path: Assets/Prefabs/Bullet.prefab
  artifactKey: Guid(38e33417a836846278b1df66af7db652) Importer(815301076,1909f56bfc062723c751e8b465ee728b)
Start importing Assets/Prefabs/Bullet.prefab using Guid(38e33417a836846278b1df66af7db652) Importer(815301076,1909f56bfc062723c751e8b465ee728b)  -> (artifact id: 'e3da896bcfd336d7f4e7f8bbd32f81df') in 0.008613 seconds 
  Import took 0.011800 seconds .

========================================================================
Received Import Request.
  Time since last request: 0.007234 seconds.
  path: Assets/Prefabs/Bullet.prefab
  artifactKey: Guid(38e33417a836846278b1df66af7db652) Importer(815301076,1909f56bfc062723c751e8b465ee728b)
Start importing Assets/Prefabs/Bullet.prefab using Guid(38e33417a836846278b1df66af7db652) Importer(815301076,1909f56bfc062723c751e8b465ee728b)  -> (artifact id: 'e3da896bcfd336d7f4e7f8bbd32f81df') in 0.012563 seconds 
  Import took 0.016190 seconds .

========================================================================
Received Prepare
Registering precompiled user dll's ...
Registered in 0.033762 seconds.
Begin MonoManager ReloadAssembly
Native extension for OSXStandalone target not found
Native extension for WebGL target not found
Refreshing native plugins compatible for Editor in 0.42 ms, found 3 plugins.
Preloading 0 native plugins for Editor in 0.00 ms.
Mono: successfully reloaded assembly
- Completed reload, in  1.120 seconds
Domain Reload Profiling:
	ReloadAssembly (1120ms)
		BeginReloadAssembly (134ms)
			ExecutionOrderSort (0ms)
			DisableScriptedObjects (7ms)
			BackupInstance (0ms)
			ReleaseScriptingObjects (0ms)
			CreateAndSetChildDomain (64ms)
		EndReloadAssembly (918ms)
			LoadAssemblies (85ms)
			RebuildTransferFunctionScriptingTraits (0ms)
			SetupTypeCache (349ms)
			ReleaseScriptCaches (1ms)
			RebuildScriptCaches (57ms)
			SetupLoadedEditorAssemblies (309ms)
				LogAssemblyErrors (0ms)
				InitializePlatformSupportModulesInManaged (6ms)
				SetLoadedEditorAssemblies (0ms)
				RefreshPlugins (0ms)
				BeforeProcessingInitializeOnLoad (76ms)
				ProcessInitializeOnLoadAttributes (214ms)
				ProcessInitializeOnLoadMethodAttributes (11ms)
				AfterProcessingInitializeOnLoad (1ms)
				EditorAssembliesLoaded (0ms)
			ExecutionOrderSort2 (0ms)
			AwakeInstancesAfterBackupRestoration (12ms)
Platform modules already initialized, skipping
Refreshing native plugins compatible for Editor in 0.42 ms, found 3 plugins.
Preloading 0 native plugins for Editor in 0.00 ms.
Unloading 2194 Unused Serialized files (Serialized files now loaded: 0)
System memory in use before: 192.5 MB.
System memory in use after: 192.6 MB.

Unloading 14 unused Assets to reduce memory usage. Loaded Objects now: 2669.
Total: 2.979892 ms (FindLiveObjects: 0.216877 ms CreateObjectMapping: 0.089039 ms MarkObjects: 2.655013 ms  DeleteObjects: 0.017524 ms)

AssetImportParameters requested are different than current active one (requested -> active):
  custom:video-decoder-ogg-theora: a1e56fd34408186e4bbccfd4996cb3dc -> 
  custom:container-muxer-webm: aa71ff27fc2769a1b78a27578f13a17b -> 
  custom:container-demuxer-webm: 4f35f7cbe854078d1ac9338744f61a02 -> 
  custom:container-demuxer-ogg: 62fdf1f143b41e24485cea50d1cbac27 -> 
  custom:video-encoder-webm-vp8: eb34c28f22e8b96e1ab97ce403110664 -> 
  custom:framework-osx-AVFoundation: e770b220cccbd017edd2c1fefb359320 -> 
  custom:video-decoder-webm-vp8: 9c59270c3fd7afecdb556c50c9e8de78 -> 
  custom:audio-decoder-ogg-vorbis: bf7c407c2cedff20999df2af8eb42d56 -> 
  custom:audio-encoder-webm-vorbis: bf7c407c2cedff20999df2af8eb42d56 -> 
========================================================================
Received Prepare
Registering precompiled user dll's ...
Registered in 0.001420 seconds.
Begin MonoManager ReloadAssembly
Native extension for OSXStandalone target not found
Native extension for WebGL target not found
Refreshing native plugins compatible for Editor in 0.42 ms, found 3 plugins.
Preloading 0 native plugins for Editor in 0.00 ms.
Mono: successfully reloaded assembly
- Completed reload, in  1.120 seconds
Domain Reload Profiling:
	ReloadAssembly (1121ms)
		BeginReloadAssembly (132ms)
			ExecutionOrderSort (0ms)
			DisableScriptedObjects (7ms)
			BackupInstance (0ms)
			ReleaseScriptingObjects (0ms)
			CreateAndSetChildDomain (60ms)
		EndReloadAssembly (919ms)
			LoadAssemblies (86ms)
			RebuildTransferFunctionScriptingTraits (0ms)
			SetupTypeCache (351ms)
			ReleaseScriptCaches (1ms)
			RebuildScriptCaches (57ms)
			SetupLoadedEditorAssemblies (305ms)
				LogAssemblyErrors (0ms)
				InitializePlatformSupportModulesInManaged (6ms)
				SetLoadedEditorAssemblies (1ms)
				RefreshPlugins (0ms)
				BeforeProcessingInitializeOnLoad (76ms)
				ProcessInitializeOnLoadAttributes (209ms)
				ProcessInitializeOnLoadMethodAttributes (11ms)
				AfterProcessingInitializeOnLoad (1ms)
				EditorAssembliesLoaded (0ms)
			ExecutionOrderSort2 (0ms)
			AwakeInstancesAfterBackupRestoration (12ms)
Platform modules already initialized, skipping
Refreshing native plugins compatible for Editor in 0.46 ms, found 3 plugins.
Preloading 0 native plugins for Editor in 0.00 ms.
Unloading 2194 Unused Serialized files (Serialized files now loaded: 0)
System memory in use before: 192.7 MB.
System memory in use after: 192.8 MB.

Unloading 14 unused Assets to reduce memory usage. Loaded Objects now: 2672.
Total: 2.673112 ms (FindLiveObjects: 0.191248 ms CreateObjectMapping: 0.078125 ms MarkObjects: 2.390124 ms  DeleteObjects: 0.012935 ms)

AssetImportParameters requested are different than current active one (requested -> active):
  custom:video-decoder-ogg-theora: a1e56fd34408186e4bbccfd4996cb3dc -> 
  custom:container-muxer-webm: aa71ff27fc2769a1b78a27578f13a17b -> 
  custom:container-demuxer-webm: 4f35f7cbe854078d1ac9338744f61a02 -> 
  custom:container-demuxer-ogg: 62fdf1f143b41e24485cea50d1cbac27 -> 
  custom:video-encoder-webm-vp8: eb34c28f22e8b96e1ab97ce403110664 -> 
  custom:framework-osx-AVFoundation: e770b220cccbd017edd2c1fefb359320 -> 
  custom:video-decoder-webm-vp8: 9c59270c3fd7afecdb556c50c9e8de78 -> 
  custom:audio-decoder-ogg-vorbis: bf7c407c2cedff20999df2af8eb42d56 -> 
  custom:audio-encoder-webm-vorbis: bf7c407c2cedff20999df2af8eb42d56 -> 
========================================================================
Received Import Request.
  Time since last request: 222.173190 seconds.
  path: Assets/Prefabs/Bullet.prefab
  artifactKey: Guid(38e33417a836846278b1df66af7db652) Importer(815301076,1909f56bfc062723c751e8b465ee728b)
Start importing Assets/Prefabs/Bullet.prefab using Guid(38e33417a836846278b1df66af7db652) Importer(815301076,1909f56bfc062723c751e8b465ee728b)  -> (artifact id: '8e280d6f6c01f8d8a16783a3fd6f6fa9') in 0.056970 seconds 
  Import took 0.060177 seconds .

========================================================================
Received Prepare
Registering precompiled user dll's ...
Registered in 0.025817 seconds.
Begin MonoManager ReloadAssembly
Native extension for OSXStandalone target not found
Native extension for WebGL target not found
Refreshing native plugins compatible for Editor in 0.43 ms, found 3 plugins.
Preloading 0 native plugins for Editor in 0.00 ms.
Mono: successfully reloaded assembly
- Completed reload, in  1.117 seconds
Domain Reload Profiling:
	ReloadAssembly (1118ms)
		BeginReloadAssembly (133ms)
			ExecutionOrderSort (0ms)
			DisableScriptedObjects (7ms)
			BackupInstance (0ms)
			ReleaseScriptingObjects (0ms)
			CreateAndSetChildDomain (62ms)
		EndReloadAssembly (917ms)
			LoadAssemblies (85ms)
			RebuildTransferFunctionScriptingTraits (0ms)
			SetupTypeCache (353ms)
			ReleaseScriptCaches (1ms)
			RebuildScriptCaches (57ms)
			SetupLoadedEditorAssemblies (305ms)
				LogAssemblyErrors (0ms)
				InitializePlatformSupportModulesInManaged (6ms)
				SetLoadedEditorAssemblies (0ms)
				RefreshPlugins (0ms)
				BeforeProcessingInitializeOnLoad (78ms)
				ProcessInitializeOnLoadAttributes (209ms)
				ProcessInitializeOnLoadMethodAttributes (10ms)
				AfterProcessingInitializeOnLoad (1ms)
				EditorAssembliesLoaded (0ms)
			ExecutionOrderSort2 (0ms)
			AwakeInstancesAfterBackupRestoration (11ms)
Platform modules already initialized, skipping
Refreshing native plugins compatible for Editor in 0.39 ms, found 3 plugins.
Preloading 0 native plugins for Editor in 0.00 ms.
Unloading 2194 Unused Serialized files (Serialized files now loaded: 0)
System memory in use before: 192.9 MB.
System memory in use after: 193.1 MB.

Unloading 14 unused Assets to reduce memory usage. Loaded Objects now: 2676.
Total: 2.579696 ms (FindLiveObjects: 0.171875 ms CreateObjectMapping: 0.065756 ms MarkObjects: 2.329897 ms  DeleteObjects: 0.011465 ms)

AssetImportParameters requested are different than current active one (requested -> active):
  custom:video-decoder-ogg-theora: a1e56fd34408186e4bbccfd4996cb3dc -> 
  custom:container-muxer-webm: aa71ff27fc2769a1b78a27578f13a17b -> 
  custom:container-demuxer-webm: 4f35f7cbe854078d1ac9338744f61a02 -> 
  custom:container-demuxer-ogg: 62fdf1f143b41e24485cea50d1cbac27 -> 
  custom:video-encoder-webm-vp8: eb34c28f22e8b96e1ab97ce403110664 -> 
  custom:framework-osx-AVFoundation: e770b220cccbd017edd2c1fefb359320 -> 
  custom:video-decoder-webm-vp8: 9c59270c3fd7afecdb556c50c9e8de78 -> 
  custom:audio-decoder-ogg-vorbis: bf7c407c2cedff20999df2af8eb42d56 -> 
  custom:audio-encoder-webm-vorbis: bf7c407c2cedff20999df2af8eb42d56 -> 
AssetImportWorkerClient::OnTransportError - code=2 error=End of file
